<?xml version="1.0" encoding="UTF-8"?>
<testsuite xmlns:xsi="http://www.w3.org/2001/XMLSchema-instance" xsi:noNamespaceSchemaLocation="https://maven.apache.org/surefire/maven-surefire-plugin/xsd/surefire-test-report.xsd" name="pedido.CardapioTest" time="0.015" tests="10" errors="0" skipped="0" failures="0">
  <properties>
    <property name="java.specification.version" value="17"/>
    <property name="sun.jnu.encoding" value="UTF-8"/>
    <property name="java.class.path" value="/home/lucasst/Documentos/totalShakeFork/total_shakes_semana_01/target/test-classes:/home/lucasst/Documentos/totalShakeFork/total_shakes_semana_01/target/classes:/home/lucasst/.m2/repository/org/junit/jupiter/junit-jupiter/5.9.0/junit-jupiter-5.9.0.jar:/home/lucasst/.m2/repository/org/junit/jupiter/junit-jupiter-api/5.9.0/junit-jupiter-api-5.9.0.jar:/home/lucasst/.m2/repository/org/opentest4j/opentest4j/1.2.0/opentest4j-1.2.0.jar:/home/lucasst/.m2/repository/org/junit/platform/junit-platform-commons/1.9.0/junit-platform-commons-1.9.0.jar:/home/lucasst/.m2/repository/org/apiguardian/apiguardian-api/1.1.2/apiguardian-api-1.1.2.jar:/home/lucasst/.m2/repository/org/junit/jupiter/junit-jupiter-params/5.9.0/junit-jupiter-params-5.9.0.jar:/home/lucasst/.m2/repository/org/junit/jupiter/junit-jupiter-engine/5.9.0/junit-jupiter-engine-5.9.0.jar:/home/lucasst/.m2/repository/org/junit/platform/junit-platform-engine/1.9.0/junit-platform-engine-1.9.0.jar:"/>
    <property name="java.vm.vendor" value="Private Build"/>
    <property name="sun.arch.data.model" value="64"/>
    <property name="java.vendor.url" value="Unknown"/>
    <property name="os.name" value="Linux"/>
    <property name="java.vm.specification.version" value="17"/>
    <property name="sun.java.launcher" value="SUN_STANDARD"/>
    <property name="user.country" value="BR"/>
    <property name="sun.boot.library.path" value="/usr/lib/jvm/java-17-openjdk-amd64/lib"/>
    <property name="sun.java.command" value="/home/lucasst/Documentos/totalShakeFork/total_shakes_semana_01/target/surefire/surefirebooter9618360364246201445.jar /home/lucasst/Documentos/totalShakeFork/total_shakes_semana_01/target/surefire 2022-08-22T09-21-05_762-jvmRun1 surefire15769105794711421352tmp surefire_018071092541524884998tmp"/>
    <property name="jdk.debug" value="release"/>
    <property name="surefire.test.class.path" value="/home/lucasst/Documentos/totalShakeFork/total_shakes_semana_01/target/test-classes:/home/lucasst/Documentos/totalShakeFork/total_shakes_semana_01/target/classes:/home/lucasst/.m2/repository/org/junit/jupiter/junit-jupiter/5.9.0/junit-jupiter-5.9.0.jar:/home/lucasst/.m2/repository/org/junit/jupiter/junit-jupiter-api/5.9.0/junit-jupiter-api-5.9.0.jar:/home/lucasst/.m2/repository/org/opentest4j/opentest4j/1.2.0/opentest4j-1.2.0.jar:/home/lucasst/.m2/repository/org/junit/platform/junit-platform-commons/1.9.0/junit-platform-commons-1.9.0.jar:/home/lucasst/.m2/repository/org/apiguardian/apiguardian-api/1.1.2/apiguardian-api-1.1.2.jar:/home/lucasst/.m2/repository/org/junit/jupiter/junit-jupiter-params/5.9.0/junit-jupiter-params-5.9.0.jar:/home/lucasst/.m2/repository/org/junit/jupiter/junit-jupiter-engine/5.9.0/junit-jupiter-engine-5.9.0.jar:/home/lucasst/.m2/repository/org/junit/platform/junit-platform-engine/1.9.0/junit-platform-engine-1.9.0.jar:"/>
    <property name="sun.cpu.endian" value="little"/>
    <property name="user.home" value="/home/lucasst"/>
    <property name="user.language" value="pt"/>
    <property name="java.specification.vendor" value="Oracle Corporation"/>
    <property name="java.version.date" value="2022-07-19"/>
    <property name="java.home" value="/usr/lib/jvm/java-17-openjdk-amd64"/>
    <property name="file.separator" value="/"/>
    <property name="basedir" value="/home/lucasst/Documentos/totalShakeFork/total_shakes_semana_01"/>
    <property name="java.vm.compressedOopsMode" value="Zero based"/>
    <property name="line.separator" value="&#10;"/>
    <property name="java.vm.specification.vendor" value="Oracle Corporation"/>
    <property name="java.specification.name" value="Java Platform API Specification"/>
    <property name="surefire.real.class.path" value="/home/lucasst/Documentos/totalShakeFork/total_shakes_semana_01/target/surefire/surefirebooter9618360364246201445.jar"/>
    <property name="sun.management.compiler" value="HotSpot 64-Bit Tiered Compilers"/>
    <property name="java.runtime.version" value="17.0.4+8-Ubuntu-120.04"/>
    <property name="user.name" value="CIANDT\lucasst"/>
    <property name="path.separator" value=":"/>
    <property name="os.version" value="5.18.12-051812-generic"/>
    <property name="java.runtime.name" value="OpenJDK Runtime Environment"/>
    <property name="file.encoding" value="UTF-8"/>
    <property name="java.vm.name" value="OpenJDK 64-Bit Server VM"/>
    <property name="localRepository" value="/home/lucasst/.m2/repository"/>
    <property name="java.vendor.url.bug" value="Unknown"/>
    <property name="java.io.tmpdir" value="/tmp"/>
    <property name="java.version" value="17.0.4"/>
    <property name="user.dir" value="/home/lucasst/Documentos/totalShakeFork/total_shakes_semana_01"/>
    <property name="os.arch" value="amd64"/>
    <property name="java.vm.specification.name" value="Java Virtual Machine Specification"/>
    <property name="native.encoding" value="UTF-8"/>
    <property name="java.library.path" value="/usr/java/packages/lib:/usr/lib/x86_64-linux-gnu/jni:/lib/x86_64-linux-gnu:/usr/lib/x86_64-linux-gnu:/usr/lib/jni:/lib:/usr/lib"/>
    <property name="java.vm.info" value="mixed mode, sharing"/>
    <property name="java.vendor" value="Private Build"/>
    <property name="java.vm.version" value="17.0.4+8-Ubuntu-120.04"/>
    <property name="sun.io.unicode.encoding" value="UnicodeLittle"/>
    <property name="java.class.version" value="61.0"/>
  </properties>
  <testcase name="deve_lancarExcecaoAoAdicionar_ingredientes_quandoPrecoNegativoOuZero" classname="pedido.CardapioTest" time="0"/>
  <testcase name="deve_lancarExcecaoAoTentarRemover_ingredientes_inexistentes" classname="pedido.CardapioTest" time="0"/>
  <testcase name="deve_retornarValorDo_ingrediente_corretamente" classname="pedido.CardapioTest" time="0"/>
  <testcase name="deve_remover_ingredientes_corretamente" classname="pedido.CardapioTest" time="0"/>
  <testcase name="deve_lancarExcecaoAoTentarBuscarPrecoDe_ingredientes_inexistentes" classname="pedido.CardapioTest" time="0"/>
  <testcase name="deve_retornarApenas_ingredientes_queSaoDoTipoAdicionais" classname="pedido.CardapioTest" time="0.002"/>
  <testcase name="deve_atualizarPrecoDo_ingrediente_corretamente" classname="pedido.CardapioTest" time="0.003"/>
  <testcase name="deve_lancarExcecaoAoTentarAtualizar_ingredientes_inexistentes" classname="pedido.CardapioTest" time="0.002"/>
  <testcase name="deve_lancarExcecaoAoTentarAtualizar_ingredientes_quandoPrecoNegativoOuZero" classname="pedido.CardapioTest" time="0.002"/>
  <testcase name="deve_adicionar_ingredientesEPrecos_corretamente" classname="pedido.CardapioTest" time="0.003"/>
</testsuite>